[15:51:10.704798448] [133580] [1;32m INFO [1;37mCamera [1;34mcamera_manager.cpp:325 [0mlibcamera v0.3.2+99-1230f78d
[15:51:10.716537148] [133613] [1;32m INFO [1;37mRPI [1;34mpisp.cpp:695 [0mlibpisp version v1.0.7 28196ed6edcf 29-08-2024 (16:33:32)
[15:51:10.732520506] [133613] [1;32m INFO [1;37mRPI [1;34mpisp.cpp:1154 [0mRegistered camera /base/axi/pcie@120000/rp1/i2c@88000/imx708@1a to CFE device /dev/media0 and ISP device /dev/media1 using PiSP variant BCM2712_C0
[15:51:10.737048793] [133580] [1;32m INFO [1;37mCamera [1;34mcamera.cpp:1197 [0mconfiguring streams: (0) 640x480-XBGR8888 (1) 1536x864-BGGR_PISP_COMP1
[15:51:10.737194089] [133613] [1;32m INFO [1;37mRPI [1;34mpisp.cpp:1450 [0mSensor: /base/axi/pcie@120000/rp1/i2c@88000/imx708@1a - Selected sensor format: 1536x864-SBGGR10_1X10 - Selected CFE format: 1536x864-PC1B
[15:51:10.742903615] [133580] [1;32m INFO [1;37mCamera [1;34mcamera.cpp:1197 [0mconfiguring streams: (0) 640x480-XBGR8888 (1) 2304x1296-BGGR_PISP_COMP1
[15:51:10.743037763] [133613] [1;32m INFO [1;37mRPI [1;34mpisp.cpp:1450 [0mSensor: /base/axi/pcie@120000/rp1/i2c@88000/imx708@1a - Selected sensor format: 2304x1296-SBGGR10_1X10 - Selected CFE format: 2304x1296-PC1B
[15:51:10.749735602] [133580] [1;32m INFO [1;37mCamera [1;34mcamera.cpp:1197 [0mconfiguring streams: (0) 640x480-XBGR8888 (1) 4608x2592-BGGR_PISP_COMP1
[15:51:10.749850806] [133613] [1;32m INFO [1;37mRPI [1;34mpisp.cpp:1450 [0mSensor: /base/axi/pcie@120000/rp1/i2c@88000/imx708@1a - Selected sensor format: 4608x2592-SBGGR10_1X10 - Selected CFE format: 4608x2592-PC1B
[15:51:10.763762353] [133580] [1;32m INFO [1;37mCamera [1;34mcamera.cpp:1197 [0mconfiguring streams: (0) 2592x1944-XBGR8888 (1) 4608x2592-BGGR_PISP_COMP1
[15:51:10.763923149] [133613] [1;32m INFO [1;37mRPI [1;34mpisp.cpp:1450 [0mSensor: /base/axi/pcie@120000/rp1/i2c@88000/imx708@1a - Selected sensor format: 4608x2592-SBGGR10_1X10 - Selected CFE format: 4608x2592-PC1B
INFO:     Started server process [133580]
INFO:     Waiting for application startup.
INFO:     Application startup complete.
INFO:     Uvicorn running on http://0.0.0.0:8000 (Press CTRL+C to quit)
Camera Info:
Camera Model: imx708_wide
Camera Modes: [{'format': SRGGB10_CSI2P, 'unpacked': 'SRGGB10', 'bit_depth': 10, 'size': (1536, 864), 'fps': 120.13, 'crop_limits': (768, 432, 3072, 1728), 'exposure_limits': (9, 77208384, None)}, {'format': SRGGB10_CSI2P, 'unpacked': 'SRGGB10', 'bit_depth': 10, 'size': (2304, 1296), 'fps': 56.03, 'crop_limits': (0, 0, 4608, 2592), 'exposure_limits': (13, 112015443, None)}, {'format': SRGGB10_CSI2P, 'unpacked': 'SRGGB10', 'bit_depth': 10, 'size': (4608, 2592), 'fps': 14.35, 'crop_limits': (0, 0, 4608, 2592), 'exposure_limits': (26, 220417486, None)}]
Configured Resolution: (2592, 1944)
INFO:     10.0.0.117:62220 - "GET / HTTP/1.1" 200 OK
INFO:     10.0.0.117:62220 - "GET /video-feed HTTP/1.1" 200 OK
INFO:     10.0.0.117:62219 - "GET /mqtt HTTP/1.1" 500 Internal Server Error
ERROR:    Exception in ASGI application
Traceback (most recent call last):
  File "/usr/local/lib/python3.11/dist-packages/uvicorn/protocols/http/h11_impl.py", line 403, in run_asgi
    result = await app(  # type: ignore[func-returns-value]
             ^^^^^^^^^^^^^^^^^^^^^^^^^^^^^^^^^^^^^^^^^^^^^^
  File "/usr/local/lib/python3.11/dist-packages/uvicorn/middleware/proxy_headers.py", line 60, in __call__
    return await self.app(scope, receive, send)
           ^^^^^^^^^^^^^^^^^^^^^^^^^^^^^^^^^^^^
  File "/usr/local/lib/python3.11/dist-packages/fastapi/applications.py", line 1054, in __call__
    await super().__call__(scope, receive, send)
  File "/usr/local/lib/python3.11/dist-packages/starlette/applications.py", line 112, in __call__
    await self.middleware_stack(scope, receive, send)
  File "/usr/local/lib/python3.11/dist-packages/starlette/middleware/errors.py", line 187, in __call__
    raise exc
  File "/usr/local/lib/python3.11/dist-packages/starlette/middleware/errors.py", line 165, in __call__
    await self.app(scope, receive, _send)
  File "/usr/local/lib/python3.11/dist-packages/starlette/middleware/exceptions.py", line 62, in __call__
    await wrap_app_handling_exceptions(self.app, conn)(scope, receive, send)
  File "/usr/local/lib/python3.11/dist-packages/starlette/_exception_handler.py", line 53, in wrapped_app
    raise exc
  File "/usr/local/lib/python3.11/dist-packages/starlette/_exception_handler.py", line 42, in wrapped_app
    await app(scope, receive, sender)
  File "/usr/local/lib/python3.11/dist-packages/starlette/routing.py", line 715, in __call__
    await self.middleware_stack(scope, receive, send)
  File "/usr/local/lib/python3.11/dist-packages/starlette/routing.py", line 735, in app
    await route.handle(scope, receive, send)
  File "/usr/local/lib/python3.11/dist-packages/starlette/routing.py", line 288, in handle
    await self.app(scope, receive, send)
  File "/usr/local/lib/python3.11/dist-packages/starlette/routing.py", line 76, in app
    await wrap_app_handling_exceptions(app, request)(scope, receive, send)
  File "/usr/local/lib/python3.11/dist-packages/starlette/_exception_handler.py", line 53, in wrapped_app
    raise exc
  File "/usr/local/lib/python3.11/dist-packages/starlette/_exception_handler.py", line 42, in wrapped_app
    await app(scope, receive, sender)
  File "/usr/local/lib/python3.11/dist-packages/starlette/routing.py", line 73, in app
    response = await f(request)
               ^^^^^^^^^^^^^^^^
  File "/usr/local/lib/python3.11/dist-packages/fastapi/routing.py", line 301, in app
    raw_response = await run_endpoint_function(
                   ^^^^^^^^^^^^^^^^^^^^^^^^^^^^
  File "/usr/local/lib/python3.11/dist-packages/fastapi/routing.py", line 214, in run_endpoint_function
    return await run_in_threadpool(dependant.call, **values)
           ^^^^^^^^^^^^^^^^^^^^^^^^^^^^^^^^^^^^^^^^^^^^^^^^^
  File "/usr/local/lib/python3.11/dist-packages/starlette/concurrency.py", line 37, in run_in_threadpool
    return await anyio.to_thread.run_sync(func)
           ^^^^^^^^^^^^^^^^^^^^^^^^^^^^^^^^^^^^
  File "/usr/local/lib/python3.11/dist-packages/anyio/to_thread.py", line 56, in run_sync
    return await get_async_backend().run_sync_in_worker_thread(
           ^^^^^^^^^^^^^^^^^^^^^^^^^^^^^^^^^^^^^^^^^^^^^^^^^^^^
  File "/usr/local/lib/python3.11/dist-packages/anyio/_backends/_asyncio.py", line 2461, in run_sync_in_worker_thread
    return await future
           ^^^^^^^^^^^^
  File "/usr/local/lib/python3.11/dist-packages/anyio/_backends/_asyncio.py", line 962, in run
    result = context.run(func, *args)
             ^^^^^^^^^^^^^^^^^^^^^^^^
  File "/home/aeonics/aeonbot-fastapi/main.py", line 23, in mqtt_page
    return templates.TemplateResponse("mqtt.html", {"request": request})
           ^^^^^^^^^^^^^^^^^^^^^^^^^^^^^^^^^^^^^^^^^^^^^^^^^^^^^^^^^^^^^
  File "/usr/local/lib/python3.11/dist-packages/starlette/templating.py", line 208, in TemplateResponse
    template = self.get_template(name)
               ^^^^^^^^^^^^^^^^^^^^^^^
  File "/usr/local/lib/python3.11/dist-packages/starlette/templating.py", line 131, in get_template
    return self.env.get_template(name)
           ^^^^^^^^^^^^^^^^^^^^^^^^^^^
  File "/usr/lib/python3/dist-packages/jinja2/environment.py", line 1010, in get_template
    return self._load_template(name, globals)
           ^^^^^^^^^^^^^^^^^^^^^^^^^^^^^^^^^^
  File "/usr/lib/python3/dist-packages/jinja2/environment.py", line 969, in _load_template
    template = self.loader.load(self, name, self.make_globals(globals))
               ^^^^^^^^^^^^^^^^^^^^^^^^^^^^^^^^^^^^^^^^^^^^^^^^^^^^^^^^
  File "/usr/lib/python3/dist-packages/jinja2/loaders.py", line 126, in load
    source, filename, uptodate = self.get_source(environment, name)
                                 ^^^^^^^^^^^^^^^^^^^^^^^^^^^^^^^^^^
  File "/usr/lib/python3/dist-packages/jinja2/loaders.py", line 218, in get_source
    raise TemplateNotFound(template)
jinja2.exceptions.TemplateNotFound: mqtt.html
INFO:     10.0.0.117:62222 - "GET /video-feed HTTP/1.1" 200 OK
INFO:     10.0.0.117:62223 - "GET /motor HTTP/1.1" 200 OK
INFO:     10.0.0.117:62229 - "GET /video-feed HTTP/1.1" 200 OK
INFO:     10.0.0.117:62580 - "GET /motor HTTP/1.1" 200 OK
INFO:     10.0.0.117:63883 - "GET /motor HTTP/1.1" 200 OK
INFO:     10.0.0.117:63883 - "GET / HTTP/1.1" 200 OK
INFO:     10.0.0.117:63883 - "GET /video-feed HTTP/1.1" 200 OK
INFO:     10.0.0.117:63990 - "GET / HTTP/1.1" 200 OK
INFO:     10.0.0.117:63990 - "GET /video-feed HTTP/1.1" 200 OK
INFO:     10.0.0.117:64028 - "GET / HTTP/1.1" 200 OK
INFO:     10.0.0.117:64028 - "GET /video-feed HTTP/1.1" 200 OK
INFO:     10.0.0.117:64035 - "GET / HTTP/1.1" 200 OK
INFO:     10.0.0.117:64035 - "GET /video-feed HTTP/1.1" 200 OK
INFO:     192.168.4.3:64240 - "GET / HTTP/1.1" 200 OK
INFO:     192.168.4.3:64240 - "GET /video-feed HTTP/1.1" 200 OK
INFO:     10.0.0.117:64419 - "GET / HTTP/1.1" 200 OK
INFO:     10.0.0.117:64419 - "GET /video-feed HTTP/1.1" 200 OK
